<?xml version="1.0" encoding="UTF-8"?>
<!-- Generated by org.testng.reporters.JUnitReportReporter -->
<testsuite hostname="LAPTOP-RN546OOE" failures="0" tests="1" name="testCases.TC_VideoGamesAPI_Post" time="0.041" errors="0" timestamp="2023-05-04T10:54:55 GMT-04:00" skipped="0">
  <testcase classname="testCases.TC_VideoGamesAPI_Post" name="post_addanewgame" time="0.041"/>
  <system-out/>
</testsuite> <!-- testCases.TC_VideoGamesAPI_Post -->
