<?xml version="1.0" encoding="UTF-8"?>
<!-- Generated by org.testng.reporters.JUnitReportReporter -->
<testsuite hostname="LAPTOP-RN546OOE" failures="0" tests="1" name="testCases.TC_deletearecord" time="0.079" errors="0" timestamp="2023-05-04T11:20:16 GMT-04:00" skipped="0">
  <testcase classname="testCases.TC_deletearecord" name="deleteARecord" time="0.079"/>
  <system-out/>
</testsuite> <!-- testCases.TC_deletearecord -->
